<?xml version="1.0" encoding="UTF-8"?>
<testsuite name="com.squad_5.recursos.Recursos.RecursosApplicationTests" tests="1" skipped="0" failures="0" errors="0" timestamp="2022-06-14T02:23:46" hostname="franco-thinkpad" time="0.217">
  <properties/>
  <testcase name="contextLoads()" classname="com.squad_5.recursos.Recursos.RecursosApplicationTests" time="0.217"/>
  <system-out><![CDATA[23:23:44.766 [Test worker] DEBUG org.springframework.test.context.BootstrapUtils - Instantiating CacheAwareContextLoaderDelegate from class [org.springframework.test.context.cache.DefaultCacheAwareContextLoaderDelegate]
23:23:44.770 [Test worker] DEBUG org.springframework.test.context.BootstrapUtils - Instantiating BootstrapContext using constructor [public org.springframework.test.context.support.DefaultBootstrapContext(java.lang.Class,org.springframework.test.context.CacheAwareContextLoaderDelegate)]
23:23:44.787 [Test worker] DEBUG org.springframework.test.context.BootstrapUtils - Instantiating TestContextBootstrapper for test class [com.squad_5.recursos.Recursos.RecursosApplicationTests] from class [org.springframework.boot.test.context.SpringBootTestContextBootstrapper]
23:23:44.792 [Test worker] INFO org.springframework.boot.test.context.SpringBootTestContextBootstrapper - Neither @ContextConfiguration nor @ContextHierarchy found for test class [com.squad_5.recursos.Recursos.RecursosApplicationTests], using SpringBootContextLoader
23:23:44.794 [Test worker] DEBUG org.springframework.test.context.support.AbstractContextLoader - Did not detect default resource location for test class [com.squad_5.recursos.Recursos.RecursosApplicationTests]: class path resource [com/squad_5/recursos/Recursos/RecursosApplicationTests-context.xml] does not exist
23:23:44.795 [Test worker] DEBUG org.springframework.test.context.support.AbstractContextLoader - Did not detect default resource location for test class [com.squad_5.recursos.Recursos.RecursosApplicationTests]: class path resource [com/squad_5/recursos/Recursos/RecursosApplicationTestsContext.groovy] does not exist
23:23:44.795 [Test worker] INFO org.springframework.test.context.support.AbstractContextLoader - Could not detect default resource locations for test class [com.squad_5.recursos.Recursos.RecursosApplicationTests]: no resource found for suffixes {-context.xml, Context.groovy}.
23:23:44.795 [Test worker] INFO org.springframework.test.context.support.AnnotationConfigContextLoaderUtils - Could not detect default configuration classes for test class [com.squad_5.recursos.Recursos.RecursosApplicationTests]: RecursosApplicationTests does not declare any static, non-private, non-final, nested classes annotated with @Configuration.
23:23:44.815 [Test worker] DEBUG org.springframework.test.context.support.ActiveProfilesUtils - Could not find an 'annotation declaring class' for annotation type [org.springframework.test.context.ActiveProfiles] and class [com.squad_5.recursos.Recursos.RecursosApplicationTests]
23:23:44.844 [Test worker] DEBUG org.springframework.context.annotation.ClassPathScanningCandidateComponentProvider - Identified candidate component class: file [/home/franco/Documents/fiuba/aninfo/tpg/build/classes/java/main/com/squad_5/recursos/Recursos/RecursosApplication.class]
23:23:44.845 [Test worker] INFO org.springframework.boot.test.context.SpringBootTestContextBootstrapper - Found @SpringBootConfiguration com.squad_5.recursos.Recursos.RecursosApplication for test class com.squad_5.recursos.Recursos.RecursosApplicationTests
23:23:44.887 [Test worker] DEBUG org.springframework.boot.test.context.SpringBootTestContextBootstrapper - @TestExecutionListeners is not present for class [com.squad_5.recursos.Recursos.RecursosApplicationTests]: using defaults.
23:23:44.887 [Test worker] INFO org.springframework.boot.test.context.SpringBootTestContextBootstrapper - Loaded default TestExecutionListener class names from location [META-INF/spring.factories]: [org.springframework.boot.test.autoconfigure.restdocs.RestDocsTestExecutionListener, org.springframework.boot.test.autoconfigure.web.client.MockRestServiceServerResetTestExecutionListener, org.springframework.boot.test.autoconfigure.web.servlet.MockMvcPrintOnlyOnFailureTestExecutionListener, org.springframework.boot.test.autoconfigure.web.servlet.WebDriverTestExecutionListener, org.springframework.boot.test.autoconfigure.webservices.client.MockWebServiceServerTestExecutionListener, org.springframework.boot.test.mock.mockito.MockitoTestExecutionListener, org.springframework.boot.test.mock.mockito.ResetMocksTestExecutionListener, org.springframework.test.context.web.ServletTestExecutionListener, org.springframework.test.context.support.DirtiesContextBeforeModesTestExecutionListener, org.springframework.test.context.event.ApplicationEventsTestExecutionListener, org.springframework.test.context.support.DependencyInjectionTestExecutionListener, org.springframework.test.context.support.DirtiesContextTestExecutionListener, org.springframework.test.context.transaction.TransactionalTestExecutionListener, org.springframework.test.context.jdbc.SqlScriptsTestExecutionListener, org.springframework.test.context.event.EventPublishingTestExecutionListener]
23:23:44.895 [Test worker] INFO org.springframework.boot.test.context.SpringBootTestContextBootstrapper - Using TestExecutionListeners: [org.springframework.test.context.web.ServletTestExecutionListener@556d0826, org.springframework.test.context.support.DirtiesContextBeforeModesTestExecutionListener@66ce957f, org.springframework.test.context.event.ApplicationEventsTestExecutionListener@55b5f5d2, org.springframework.boot.test.mock.mockito.MockitoTestExecutionListener@5bfa8cc5, org.springframework.boot.test.autoconfigure.SpringBootDependencyInjectionTestExecutionListener@666b83a4, org.springframework.test.context.support.DirtiesContextTestExecutionListener@749c877b, org.springframework.test.context.transaction.TransactionalTestExecutionListener@efde75f, org.springframework.test.context.jdbc.SqlScriptsTestExecutionListener@16ecee1, org.springframework.test.context.event.EventPublishingTestExecutionListener@3b220bcb, org.springframework.boot.test.autoconfigure.restdocs.RestDocsTestExecutionListener@2b95e48b, org.springframework.boot.test.autoconfigure.web.client.MockRestServiceServerResetTestExecutionListener@4a3329b9, org.springframework.boot.test.autoconfigure.web.servlet.MockMvcPrintOnlyOnFailureTestExecutionListener@3dddefd8, org.springframework.boot.test.autoconfigure.web.servlet.WebDriverTestExecutionListener@160ac7fb, org.springframework.boot.test.autoconfigure.webservices.client.MockWebServiceServerTestExecutionListener@12bfd80d, org.springframework.boot.test.mock.mockito.ResetMocksTestExecutionListener@41925502]
23:23:44.896 [Test worker] DEBUG org.springframework.test.context.support.AbstractDirtiesContextTestExecutionListener - Before test class: context [DefaultTestContext@5b11a194 testClass = RecursosApplicationTests, testInstance = [null], testMethod = [null], testException = [null], mergedContextConfiguration = [WebMergedContextConfiguration@37bd68c3 testClass = RecursosApplicationTests, locations = '{}', classes = '{class com.squad_5.recursos.Recursos.RecursosApplication}', contextInitializerClasses = '[]', activeProfiles = '{}', propertySourceLocations = '{}', propertySourceProperties = '{org.springframework.boot.test.context.SpringBootTestContextBootstrapper=true}', contextCustomizers = set[org.springframework.boot.test.autoconfigure.actuate.metrics.MetricsExportContextCustomizerFactory$DisableMetricExportContextCustomizer@69f1a286, org.springframework.boot.test.autoconfigure.properties.PropertyMappingContextCustomizer@0, org.springframework.boot.test.autoconfigure.web.servlet.WebDriverContextCustomizerFactory$Customizer@7d446ed1, org.springframework.boot.test.context.filter.ExcludeFilterContextCustomizer@1b75c2e3, org.springframework.boot.test.json.DuplicateJsonObjectContextCustomizerFactory$DuplicateJsonObjectContextCustomizer@4ff8d125, org.springframework.boot.test.mock.mockito.MockitoContextCustomizer@0, org.springframework.boot.test.web.client.TestRestTemplateContextCustomizer@58ce9668, org.springframework.boot.test.context.SpringBootTestArgs@1, org.springframework.boot.test.context.SpringBootTestWebEnvironment@445b295b], resourceBasePath = 'src/main/webapp', contextLoader = 'org.springframework.boot.test.context.SpringBootContextLoader', parent = [null]], attributes = map['org.springframework.test.context.web.ServletTestExecutionListener.activateListener' -> true]], class annotated with @DirtiesContext [false] with mode [null].

  .   ____          _            __ _ _
 /\\ / ___'_ __ _ _(_)_ __  __ _ \ \ \ \
( ( )\___ | '_ | '_| | '_ \/ _` | \ \ \ \
 \\/  ___)| |_)| | | | | || (_| |  ) ) ) )
  '  |____| .__|_| |_|_| |_\__, | / / / /
 =========|_|==============|___/=/_/_/_/
 :: Spring Boot ::                (v2.7.0)

2022-06-13 23:23:45.063  INFO 20761 --- [    Test worker] c.s.r.Recursos.RecursosApplicationTests  : Starting RecursosApplicationTests using Java 17.0.3 on franco-thinkpad with PID 20761 (started by franco in /home/franco/Documents/fiuba/aninfo/tpg)
2022-06-13 23:23:45.065  INFO 20761 --- [    Test worker] c.s.r.Recursos.RecursosApplicationTests  : No active profile set, falling back to 1 default profile: "default"
2022-06-13 23:23:46.151  INFO 20761 --- [    Test worker] c.s.r.Recursos.RecursosApplicationTests  : Started RecursosApplicationTests in 1.235 seconds (JVM running for 1.797)
]]></system-out>
  <system-err><![CDATA[]]></system-err>
</testsuite>
