<?xml version="1.0" encoding="UTF-8"?>
<testsuite name="com.squad_5.recursos.Recursos.RecursosApplicationTests" tests="1" skipped="0" failures="0" errors="0" timestamp="2022-06-19T19:56:28" hostname="franco-thinkpad" time="0.216">
  <properties/>
  <testcase name="contextLoads()" classname="com.squad_5.recursos.Recursos.RecursosApplicationTests" time="0.216"/>
  <system-out><![CDATA[16:56:27.521 [Test worker] DEBUG org.springframework.test.context.BootstrapUtils - Instantiating CacheAwareContextLoaderDelegate from class [org.springframework.test.context.cache.DefaultCacheAwareContextLoaderDelegate]
16:56:27.526 [Test worker] DEBUG org.springframework.test.context.BootstrapUtils - Instantiating BootstrapContext using constructor [public org.springframework.test.context.support.DefaultBootstrapContext(java.lang.Class,org.springframework.test.context.CacheAwareContextLoaderDelegate)]
16:56:27.544 [Test worker] DEBUG org.springframework.test.context.BootstrapUtils - Instantiating TestContextBootstrapper for test class [com.squad_5.recursos.Recursos.RecursosApplicationTests] from class [org.springframework.boot.test.context.SpringBootTestContextBootstrapper]
16:56:27.549 [Test worker] INFO org.springframework.boot.test.context.SpringBootTestContextBootstrapper - Neither @ContextConfiguration nor @ContextHierarchy found for test class [com.squad_5.recursos.Recursos.RecursosApplicationTests], using SpringBootContextLoader
16:56:27.551 [Test worker] DEBUG org.springframework.test.context.support.AbstractContextLoader - Did not detect default resource location for test class [com.squad_5.recursos.Recursos.RecursosApplicationTests]: class path resource [com/squad_5/recursos/Recursos/RecursosApplicationTests-context.xml] does not exist
16:56:27.551 [Test worker] DEBUG org.springframework.test.context.support.AbstractContextLoader - Did not detect default resource location for test class [com.squad_5.recursos.Recursos.RecursosApplicationTests]: class path resource [com/squad_5/recursos/Recursos/RecursosApplicationTestsContext.groovy] does not exist
16:56:27.552 [Test worker] INFO org.springframework.test.context.support.AbstractContextLoader - Could not detect default resource locations for test class [com.squad_5.recursos.Recursos.RecursosApplicationTests]: no resource found for suffixes {-context.xml, Context.groovy}.
16:56:27.552 [Test worker] INFO org.springframework.test.context.support.AnnotationConfigContextLoaderUtils - Could not detect default configuration classes for test class [com.squad_5.recursos.Recursos.RecursosApplicationTests]: RecursosApplicationTests does not declare any static, non-private, non-final, nested classes annotated with @Configuration.
16:56:27.578 [Test worker] DEBUG org.springframework.test.context.support.ActiveProfilesUtils - Could not find an 'annotation declaring class' for annotation type [org.springframework.test.context.ActiveProfiles] and class [com.squad_5.recursos.Recursos.RecursosApplicationTests]
16:56:27.613 [Test worker] DEBUG org.springframework.context.annotation.ClassPathScanningCandidateComponentProvider - Identified candidate component class: file [/home/franco/Documents/fiuba/aninfo/tpg/build/classes/java/main/com/squad_5/recursos/Recursos/RecursosApplication.class]
16:56:27.614 [Test worker] INFO org.springframework.boot.test.context.SpringBootTestContextBootstrapper - Found @SpringBootConfiguration com.squad_5.recursos.Recursos.RecursosApplication for test class com.squad_5.recursos.Recursos.RecursosApplicationTests
16:56:27.662 [Test worker] DEBUG org.springframework.boot.test.context.SpringBootTestContextBootstrapper - @TestExecutionListeners is not present for class [com.squad_5.recursos.Recursos.RecursosApplicationTests]: using defaults.
16:56:27.663 [Test worker] INFO org.springframework.boot.test.context.SpringBootTestContextBootstrapper - Loaded default TestExecutionListener class names from location [META-INF/spring.factories]: [org.springframework.boot.test.autoconfigure.restdocs.RestDocsTestExecutionListener, org.springframework.boot.test.autoconfigure.web.client.MockRestServiceServerResetTestExecutionListener, org.springframework.boot.test.autoconfigure.web.servlet.MockMvcPrintOnlyOnFailureTestExecutionListener, org.springframework.boot.test.autoconfigure.web.servlet.WebDriverTestExecutionListener, org.springframework.boot.test.autoconfigure.webservices.client.MockWebServiceServerTestExecutionListener, org.springframework.boot.test.mock.mockito.MockitoTestExecutionListener, org.springframework.boot.test.mock.mockito.ResetMocksTestExecutionListener, org.springframework.test.context.web.ServletTestExecutionListener, org.springframework.test.context.support.DirtiesContextBeforeModesTestExecutionListener, org.springframework.test.context.event.ApplicationEventsTestExecutionListener, org.springframework.test.context.support.DependencyInjectionTestExecutionListener, org.springframework.test.context.support.DirtiesContextTestExecutionListener, org.springframework.test.context.transaction.TransactionalTestExecutionListener, org.springframework.test.context.jdbc.SqlScriptsTestExecutionListener, org.springframework.test.context.event.EventPublishingTestExecutionListener]
16:56:27.670 [Test worker] INFO org.springframework.boot.test.context.SpringBootTestContextBootstrapper - Using TestExecutionListeners: [org.springframework.test.context.web.ServletTestExecutionListener@55b5f5d2, org.springframework.test.context.support.DirtiesContextBeforeModesTestExecutionListener@5bfa8cc5, org.springframework.test.context.event.ApplicationEventsTestExecutionListener@666b83a4, org.springframework.boot.test.mock.mockito.MockitoTestExecutionListener@749c877b, org.springframework.boot.test.autoconfigure.SpringBootDependencyInjectionTestExecutionListener@efde75f, org.springframework.test.context.support.DirtiesContextTestExecutionListener@16ecee1, org.springframework.test.context.transaction.TransactionalTestExecutionListener@3b220bcb, org.springframework.test.context.jdbc.SqlScriptsTestExecutionListener@2b95e48b, org.springframework.test.context.event.EventPublishingTestExecutionListener@4a3329b9, org.springframework.boot.test.autoconfigure.restdocs.RestDocsTestExecutionListener@3dddefd8, org.springframework.boot.test.autoconfigure.web.client.MockRestServiceServerResetTestExecutionListener@160ac7fb, org.springframework.boot.test.autoconfigure.web.servlet.MockMvcPrintOnlyOnFailureTestExecutionListener@12bfd80d, org.springframework.boot.test.autoconfigure.web.servlet.WebDriverTestExecutionListener@41925502, org.springframework.boot.test.autoconfigure.webservices.client.MockWebServiceServerTestExecutionListener@13e3c1c7, org.springframework.boot.test.mock.mockito.ResetMocksTestExecutionListener@5316e95f]
16:56:27.672 [Test worker] DEBUG org.springframework.test.context.support.AbstractDirtiesContextTestExecutionListener - Before test class: context [DefaultTestContext@60f7cc1d testClass = RecursosApplicationTests, testInstance = [null], testMethod = [null], testException = [null], mergedContextConfiguration = [WebMergedContextConfiguration@11eadcba testClass = RecursosApplicationTests, locations = '{}', classes = '{class com.squad_5.recursos.Recursos.RecursosApplication}', contextInitializerClasses = '[]', activeProfiles = '{}', propertySourceLocations = '{}', propertySourceProperties = '{org.springframework.boot.test.context.SpringBootTestContextBootstrapper=true}', contextCustomizers = set[org.springframework.boot.test.autoconfigure.actuate.metrics.MetricsExportContextCustomizerFactory$DisableMetricExportContextCustomizer@457c9034, org.springframework.boot.test.autoconfigure.properties.PropertyMappingContextCustomizer@0, org.springframework.boot.test.autoconfigure.web.servlet.WebDriverContextCustomizerFactory$Customizer@7e5c856f, org.springframework.boot.test.context.filter.ExcludeFilterContextCustomizer@3bd323e9, org.springframework.boot.test.json.DuplicateJsonObjectContextCustomizerFactory$DuplicateJsonObjectContextCustomizer@3403e2ac, org.springframework.boot.test.mock.mockito.MockitoContextCustomizer@0, org.springframework.boot.test.web.client.TestRestTemplateContextCustomizer@56673b2c, org.springframework.boot.test.context.SpringBootTestArgs@1, org.springframework.boot.test.context.SpringBootTestWebEnvironment@5c671d7f], resourceBasePath = 'src/main/webapp', contextLoader = 'org.springframework.boot.test.context.SpringBootContextLoader', parent = [null]], attributes = map['org.springframework.test.context.web.ServletTestExecutionListener.activateListener' -> true]], class annotated with @DirtiesContext [false] with mode [null].

  .   ____          _            __ _ _
 /\\ / ___'_ __ _ _(_)_ __  __ _ \ \ \ \
( ( )\___ | '_ | '_| | '_ \/ _` | \ \ \ \
 \\/  ___)| |_)| | | | | || (_| |  ) ) ) )
  '  |____| .__|_| |_|_| |_\__, | / / / /
 =========|_|==============|___/=/_/_/_/
 :: Spring Boot ::                (v2.7.0)

2022-06-19 16:56:27.826  INFO 12930 --- [    Test worker] c.s.r.Recursos.RecursosApplicationTests  : Starting RecursosApplicationTests using Java 17.0.3 on franco-thinkpad with PID 12930 (started by franco in /home/franco/Documents/fiuba/aninfo/tpg)
2022-06-19 16:56:27.827  INFO 12930 --- [    Test worker] c.s.r.Recursos.RecursosApplicationTests  : No active profile set, falling back to 1 default profile: "default"
2022-06-19 16:56:28.958  INFO 12930 --- [    Test worker] c.s.r.Recursos.RecursosApplicationTests  : Started RecursosApplicationTests in 1.267 seconds (JVM running for 1.835)
]]></system-out>
  <system-err><![CDATA[]]></system-err>
</testsuite>
